0 info it worked if it ends with ok
1 verbose cli [ 'C:\\Program Files\\nodejs\\node.exe',
1 verbose cli   'C:\\Program Files\\nodejs\\node_modules\\npm\\bin\\npm-cli.js',
1 verbose cli   'run',
1 verbose cli   'lint' ]
2 info using npm@3.6.0
3 info using node@v5.6.0
4 verbose run-script [ 'prelint', 'lint', 'postlint' ]
5 info lifecycle react-redux-project-template@0.0.1~prelint: react-redux-project-template@0.0.1
6 silly lifecycle react-redux-project-template@0.0.1~prelint: no script for prelint, continuing
7 info lifecycle react-redux-project-template@0.0.1~lint: react-redux-project-template@0.0.1
8 verbose lifecycle react-redux-project-template@0.0.1~lint: unsafe-perm in lifecycle true
9 verbose lifecycle react-redux-project-template@0.0.1~lint: PATH: C:\Program Files\nodejs\node_modules\npm\bin\node-gyp-bin;C:\Users\dh8219\Documents\Projects\ReactTemplate\node_modules\.bin;C:\ConEmu;C:\ConEmu\ConEmu;C:\ProgramData\Oracle\Java\javapath;C:\Python27\;C:\Python27\Scripts;C:\Python34\;C:\Python34\Scripts;C:\Program Files (x86)\Intel\iCLS Client\;C:\Program Files\Intel\iCLS Client\;C:\Windows\system32;C:\Windows;C:\Windows\System32\Wbem;C:\Windows\System32\WindowsPowerShell\v1.0\;C:\Program Files\Intel\Intel(R) Management Engine Components\DAL;C:\Program Files (x86)\Intel\Intel(R) Management Engine Components\DAL;C:\Program Files\Intel\Intel(R) Management Engine Components\IPT;C:\Program Files (x86)\Intel\Intel(R) Management Engine Components\IPT;C:\Program Files (x86)\NVIDIA Corporation\PhysX\Common;C:\Program Files (x86)\Windows Kits\8.1\Windows Performance Toolkit\;C:\Program Files\Microsoft SQL Server\110\Tools\Binn\;C:\Program Files (x86)\Microsoft SDKs\TypeScript\1.0\;C:\Program Files\Microsoft SQL Server\120\Tools\Binn\;C:\Program Files\Microsoft SQL Server\110\DTS\Binn\;C:\Program Files (x86)\Microsoft SQL Server\110\Tools\Binn\;C:\Program Files (x86)\Microsoft SQL Server\110\Tools\Binn\ManagementStudio\;C:\Program Files (x86)\Microsoft Visual Studio 10.0\Common7\IDE\PrivateAssemblies\;C:\Program Files (x86)\Microsoft SQL Server\110\DTS\Binn\;C:\Program Files (x86)\Microsoft SDKs\TypeScript\1.4\;C:\Program Files\Microsoft\Web Platform Installer\;C:\Program Files (x86)\LINQPad4;C:\PhantomJS;C:\Program Files (x86)\Brackets\command;C:\Program Files\nodejs\;C:\Program Files\Git\cmd;C:\Program Files\Git\mingw64\bin;C:\Program Files\Git\usr\bin;C:\Users\dh8219\AppData\Local\atom\bin;C:\ProgramData\chocolatey\bin;C:\ChromeDriver;C:\Program Files (x86)\Microsoft VS Code\bin;C:\Program Files\Docker Toolbox;C:\Users\dh8219\AppData\Roaming\npm
10 verbose lifecycle react-redux-project-template@0.0.1~lint: CWD: C:\Users\dh8219\Documents\Projects\ReactTemplate
11 silly lifecycle react-redux-project-template@0.0.1~lint: Args: [ '/d /s /c',
11 silly lifecycle   'eslint -c .eslintrc.json --ext .js --ext .jsx src/' ]
12 silly lifecycle react-redux-project-template@0.0.1~lint: Returned: code: 1  signal: null
13 info lifecycle react-redux-project-template@0.0.1~lint: Failed to exec lint script
14 verbose stack Error: react-redux-project-template@0.0.1 lint: `eslint -c .eslintrc.json --ext .js --ext .jsx src/`
14 verbose stack Exit status 1
14 verbose stack     at EventEmitter.<anonymous> (C:\Program Files\nodejs\node_modules\npm\lib\utils\lifecycle.js:232:16)
14 verbose stack     at emitTwo (events.js:100:13)
14 verbose stack     at EventEmitter.emit (events.js:185:7)
14 verbose stack     at ChildProcess.<anonymous> (C:\Program Files\nodejs\node_modules\npm\lib\utils\spawn.js:24:14)
14 verbose stack     at emitTwo (events.js:100:13)
14 verbose stack     at ChildProcess.emit (events.js:185:7)
14 verbose stack     at maybeClose (internal/child_process.js:827:16)
14 verbose stack     at Process.ChildProcess._handle.onexit (internal/child_process.js:211:5)
15 verbose pkgid react-redux-project-template@0.0.1
16 verbose cwd C:\Users\dh8219\Documents\Projects\ReactTemplate
17 error Windows_NT 6.3.9600
18 error argv "C:\\Program Files\\nodejs\\node.exe" "C:\\Program Files\\nodejs\\node_modules\\npm\\bin\\npm-cli.js" "run" "lint"
19 error node v5.6.0
20 error npm  v3.6.0
21 error code ELIFECYCLE
22 error react-redux-project-template@0.0.1 lint: `eslint -c .eslintrc.json --ext .js --ext .jsx src/`
22 error Exit status 1
23 error Failed at the react-redux-project-template@0.0.1 lint script 'eslint -c .eslintrc.json --ext .js --ext .jsx src/'.
23 error Make sure you have the latest version of node.js and npm installed.
23 error If you do, this is most likely a problem with the react-redux-project-template package,
23 error not with npm itself.
23 error Tell the author that this fails on your system:
23 error     eslint -c .eslintrc.json --ext .js --ext .jsx src/
23 error You can get information on how to open an issue for this project with:
23 error     npm bugs react-redux-project-template
23 error Or if that isn't available, you can get their info via:
23 error     npm owner ls react-redux-project-template
23 error There is likely additional logging output above.
24 verbose exit [ 1, true ]
